<?xml version="1.0" encoding="UTF-8"?>
<!-- Generated by org.testng.reporters.JUnitReportReporter -->
<testsuite hostname="lenovo-2" name="oneshore.greeter.GreetingTests" tests="1" failures="0" timestamp="17 Mar 2013 11:30:33 GMT" time="0.028" errors="0">
  <testcase name="testGreetingAustralia" time="0.028" classname="oneshore.greeter.GreetingTests"/>
</testsuite> <!-- oneshore.greeter.GreetingTests -->
